2024-05-16 16:46:09,727 - INFO - Starting main function...
2024-05-16 16:46:09,727 - INFO - Loading data...
2024-05-16 16:46:09,727 - INFO - [load_data.py] Loading weather station data...
2024-05-16 16:46:09,753 - INFO - [load_data.py] Weather station data loaded successfully.
2024-05-16 16:46:09,753 - INFO - [load_data.py] Merging weather station data...
2024-05-16 16:46:09,773 - INFO - [load_data.py] Datasets merged successfully.
2024-05-16 16:46:09,773 - INFO - [load_data.py] Loading land use data...
2024-05-16 16:46:10,028 - INFO - [load_data.py] Land use data loaded successfully.
2024-05-16 16:46:10,028 - INFO - Data loaded successfully.
2024-05-16 16:46:10,028 - INFO - Processing data...
2024-05-16 16:46:10,028 - INFO - [process_data.py] Processing data...
2024-05-16 16:46:10,062 - INFO - [process_data.py] Data processed successfully.
2024-05-16 16:46:10,062 - INFO - Data processed successfully.
2024-05-16 16:46:10,062 - INFO - Saving data...
2024-05-16 16:46:10,976 - INFO - Data saved to "src/model/data/fire_risk_per_land_use_area.csv" successfully.
2024-05-16 16:46:10,976 - INFO - Creating map...
2024-05-16 16:46:10,976 - INFO - [create_map.py] Creating fire risk map...
2024-05-16 16:46:11,404 - INFO - [create_map.py] Added GeoJson layer for Land Category: Forest<br>Fire Risk: Low<br>Closest Station: Cust (HV)
2024-05-16 16:46:11,409 - INFO - [create_map.py] Added GeoJson layer for Land Category: Forest<br>Fire Risk: Low<br>Closest Station: Cust (HV)
2024-05-16 16:46:11,415 - INFO - [create_map.py] Added GeoJson layer for Land Category: Forest<br>Fire Risk: Low<br>Closest Station: Cust (HV)
2024-05-16 16:46:11,420 - INFO - [create_map.py] Added GeoJson layer for Land Category: Grass<br>Fire Risk: Moderate<br>Closest Station: West Melton (HV)
2024-05-16 16:46:11,426 - INFO - [create_map.py] Added GeoJson layer for Land Category: Grass<br>Fire Risk: Moderate<br>Closest Station: West Melton (HV)
2024-05-16 16:46:11,432 - INFO - [create_map.py] Added GeoJson layer for Land Category: Grass<br>Fire Risk: Moderate<br>Closest Station: West Melton (HV)
2024-05-16 16:46:11,440 - INFO - [create_map.py] Added GeoJson layer for Land Category: Scrub<br>Fire Risk: High<br>Closest Station: West Melton (HV)
2024-05-16 16:46:11,448 - INFO - [create_map.py] Added GeoJson layer for Land Category: Scrub<br>Fire Risk: High<br>Closest Station: West Melton (HV)
2024-05-16 16:46:11,455 - INFO - [create_map.py] Added GeoJson layer for Land Category: Scrub<br>Fire Risk: High<br>Closest Station: West Melton (HV)
2024-05-16 16:46:11,457 - INFO - [create_map.py] Added GeoJson layer for Land Category: Water<br>Fire Risk: Water - No Risk<br>Closest Station: Christchurch Aws (MS)
2024-05-16 16:46:11,458 - INFO - [create_map.py] Added GeoJson layer for Land Category: Water<br>Fire Risk: Water - No Risk<br>Closest Station: Christchurch Aws (MS)
2024-05-16 16:46:11,459 - INFO - [create_map.py] Added GeoJson layer for Land Category: Water<br>Fire Risk: Water - No Risk<br>Closest Station: Christchurch Aws (MS)
2024-05-16 16:46:11,465 - INFO - [create_map.py] Added GeoJson layer for Land Category: Forest<br>Fire Risk: Low<br>Closest Station: Panama Road (HV)
2024-05-16 16:46:11,491 - INFO - [create_map.py] Added GeoJson layer for Land Category: Forest<br>Fire Risk: Low<br>Closest Station: Panama Road (HV)
2024-05-16 16:46:11,497 - INFO - [create_map.py] Added GeoJson layer for Land Category: Forest<br>Fire Risk: Low<br>Closest Station: Panama Road (HV)
2024-05-16 16:46:11,523 - INFO - [create_map.py] Added GeoJson layer for Land Category: Grass<br>Fire Risk: Moderate<br>Closest Station: West Melton (HV)
2024-05-16 16:46:11,548 - INFO - [create_map.py] Added GeoJson layer for Land Category: Grass<br>Fire Risk: Moderate<br>Closest Station: West Melton (HV)
2024-05-16 16:46:11,573 - INFO - [create_map.py] Added GeoJson layer for Land Category: Grass<br>Fire Risk: Moderate<br>Closest Station: West Melton (HV)
2024-05-16 16:46:11,579 - INFO - [create_map.py] Added GeoJson layer for Land Category: Scrub<br>Fire Risk: High<br>Closest Station: Bottle Lake Forest (HV)
2024-05-16 16:46:11,585 - INFO - [create_map.py] Added GeoJson layer for Land Category: Scrub<br>Fire Risk: High<br>Closest Station: Bottle Lake Forest (HV)
2024-05-16 16:46:11,591 - INFO - [create_map.py] Added GeoJson layer for Land Category: Scrub<br>Fire Risk: High<br>Closest Station: Bottle Lake Forest (HV)
2024-05-16 16:46:11,597 - INFO - [create_map.py] Added GeoJson layer for Land Category: Water<br>Fire Risk: Water - No Risk<br>Closest Station: Bottle Lake Forest (HV)
2024-05-16 16:46:11,602 - INFO - [create_map.py] Added GeoJson layer for Land Category: Water<br>Fire Risk: Water - No Risk<br>Closest Station: Bottle Lake Forest (HV)
2024-05-16 16:46:11,608 - INFO - [create_map.py] Added GeoJson layer for Land Category: Water<br>Fire Risk: Water - No Risk<br>Closest Station: Bottle Lake Forest (HV)
2024-05-16 16:46:11,610 - INFO - [create_map.py] Added GeoJson layer for Land Category: Forest<br>Fire Risk: Low<br>Closest Station: Lincoln (NW)
2024-05-16 16:46:11,612 - INFO - [create_map.py] Added GeoJson layer for Land Category: Forest<br>Fire Risk: Low<br>Closest Station: Lincoln (NW)
2024-05-16 16:46:11,614 - INFO - [create_map.py] Added GeoJson layer for Land Category: Forest<br>Fire Risk: Low<br>Closest Station: Lincoln (NW)
2024-05-16 16:46:11,616 - INFO - [create_map.py] Added GeoJson layer for Land Category: Grass<br>Fire Risk: Moderate<br>Closest Station: Rangiora (NW)
2024-05-16 16:46:11,618 - INFO - [create_map.py] Added GeoJson layer for Land Category: Grass<br>Fire Risk: Moderate<br>Closest Station: Rangiora (NW)
2024-05-16 16:46:11,620 - INFO - [create_map.py] Added GeoJson layer for Land Category: Grass<br>Fire Risk: Moderate<br>Closest Station: Rangiora (NW)
2024-05-16 16:46:11,621 - INFO - [create_map.py] Added GeoJson layer for Land Category: Scrub<br>Fire Risk: High<br>Closest Station: Early Valley (HV)
2024-05-16 16:46:11,622 - INFO - [create_map.py] Added GeoJson layer for Land Category: Scrub<br>Fire Risk: High<br>Closest Station: Early Valley (HV)
2024-05-16 16:46:11,625 - INFO - [create_map.py] Added GeoJson layer for Land Category: Scrub<br>Fire Risk: High<br>Closest Station: Early Valley (HV)
2024-05-16 16:46:11,656 - INFO - [create_map.py] Added GeoJson layer for Land Category: Forest<br>Fire Risk: Low<br>Closest Station: Burnham (HV)
2024-05-16 16:46:11,712 - INFO - [create_map.py] Added GeoJson layer for Land Category: Forest<br>Fire Risk: Low<br>Closest Station: Burnham (HV)
2024-05-16 16:46:11,742 - INFO - [create_map.py] Added GeoJson layer for Land Category: Forest<br>Fire Risk: Low<br>Closest Station: Burnham (HV)
2024-05-16 16:46:11,852 - INFO - [create_map.py] Added GeoJson layer for Land Category: Grass<br>Fire Risk: Moderate<br>Closest Station: Motukarara (HV)
2024-05-16 16:46:11,987 - INFO - [create_map.py] Added GeoJson layer for Land Category: Grass<br>Fire Risk: Moderate<br>Closest Station: Motukarara (HV)
2024-05-16 16:46:12,131 - INFO - [create_map.py] Added GeoJson layer for Land Category: Grass<br>Fire Risk: Moderate<br>Closest Station: Motukarara (HV)
2024-05-16 16:46:12,161 - INFO - [create_map.py] Added GeoJson layer for Land Category: Scrub<br>Fire Risk: High<br>Closest Station: Christchurch Aws (MS)
2024-05-16 16:46:12,192 - INFO - [create_map.py] Added GeoJson layer for Land Category: Scrub<br>Fire Risk: High<br>Closest Station: Christchurch Aws (MS)
2024-05-16 16:46:12,222 - INFO - [create_map.py] Added GeoJson layer for Land Category: Scrub<br>Fire Risk: High<br>Closest Station: Christchurch Aws (MS)
2024-05-16 16:46:12,225 - INFO - [create_map.py] Added GeoJson layer for Land Category: Water<br>Fire Risk: Water - No Risk<br>Closest Station: Rangiora (NW)
2024-05-16 16:46:12,228 - INFO - [create_map.py] Added GeoJson layer for Land Category: Water<br>Fire Risk: Water - No Risk<br>Closest Station: Rangiora (NW)
2024-05-16 16:46:12,231 - INFO - [create_map.py] Added GeoJson layer for Land Category: Water<br>Fire Risk: Water - No Risk<br>Closest Station: Rangiora (NW)
2024-05-16 16:46:12,263 - INFO - [create_map.py] Added GeoJson layer for Land Category: Forest<br>Fire Risk: Low<br>Closest Station: West Melton (HV)
2024-05-16 16:46:12,294 - INFO - [create_map.py] Added GeoJson layer for Land Category: Forest<br>Fire Risk: Low<br>Closest Station: West Melton (HV)
2024-05-16 16:46:12,326 - INFO - [create_map.py] Added GeoJson layer for Land Category: Forest<br>Fire Risk: Low<br>Closest Station: West Melton (HV)
2024-05-16 16:46:12,442 - INFO - [create_map.py] Added GeoJson layer for Land Category: Grass<br>Fire Risk: Moderate<br>Closest Station: Te Oka (HV)
2024-05-16 16:46:12,515 - INFO - [create_map.py] Added GeoJson layer for Land Category: Grass<br>Fire Risk: Moderate<br>Closest Station: Te Oka (HV)
2024-05-16 16:46:12,589 - INFO - [create_map.py] Added GeoJson layer for Land Category: Grass<br>Fire Risk: Moderate<br>Closest Station: Te Oka (HV)
2024-05-16 16:46:12,652 - INFO - [create_map.py] Added GeoJson layer for Land Category: Scrub<br>Fire Risk: High<br>Closest Station: Bottle Lake Forest (HV)
2024-05-16 16:46:12,761 - INFO - [create_map.py] Added GeoJson layer for Land Category: Scrub<br>Fire Risk: High<br>Closest Station: Bottle Lake Forest (HV)
2024-05-16 16:46:12,822 - INFO - [create_map.py] Added GeoJson layer for Land Category: Scrub<br>Fire Risk: High<br>Closest Station: Bottle Lake Forest (HV)
2024-05-16 16:46:12,832 - INFO - [create_map.py] Added GeoJson layer for Land Category: Water<br>Fire Risk: Water - No Risk<br>Closest Station: Christchurch Aws (MS)
2024-05-16 16:46:12,842 - INFO - [create_map.py] Added GeoJson layer for Land Category: Water<br>Fire Risk: Water - No Risk<br>Closest Station: Christchurch Aws (MS)
2024-05-16 16:46:12,852 - INFO - [create_map.py] Added GeoJson layer for Land Category: Water<br>Fire Risk: Water - No Risk<br>Closest Station: Christchurch Aws (MS)
2024-05-16 16:46:12,873 - INFO - [create_map.py] Added GeoJson layer for Land Category: Forest<br>Fire Risk: Low<br>Closest Station: Bottle Lake Forest (HV)
2024-05-16 16:46:12,895 - INFO - [create_map.py] Added GeoJson layer for Land Category: Forest<br>Fire Risk: Low<br>Closest Station: Bottle Lake Forest (HV)
2024-05-16 16:46:12,917 - INFO - [create_map.py] Added GeoJson layer for Land Category: Forest<br>Fire Risk: Low<br>Closest Station: Bottle Lake Forest (HV)
2024-05-16 16:46:12,977 - INFO - [create_map.py] Added GeoJson layer for Land Category: Grass<br>Fire Risk: Moderate<br>Closest Station: Motukarara (HV)
2024-05-16 16:46:13,035 - INFO - [create_map.py] Added GeoJson layer for Land Category: Grass<br>Fire Risk: Moderate<br>Closest Station: Motukarara (HV)
2024-05-16 16:46:13,155 - INFO - [create_map.py] Added GeoJson layer for Land Category: Grass<br>Fire Risk: Moderate<br>Closest Station: Motukarara (HV)
2024-05-16 16:46:13,193 - INFO - [create_map.py] Added GeoJson layer for Land Category: Scrub<br>Fire Risk: High<br>Closest Station: Panama Road (HV)
2024-05-16 16:46:13,230 - INFO - [create_map.py] Added GeoJson layer for Land Category: Scrub<br>Fire Risk: High<br>Closest Station: Panama Road (HV)
2024-05-16 16:46:13,264 - INFO - [create_map.py] Added GeoJson layer for Land Category: Scrub<br>Fire Risk: High<br>Closest Station: Panama Road (HV)
2024-05-16 16:46:13,272 - INFO - [create_map.py] Added GeoJson layer for Land Category: Water<br>Fire Risk: Water - No Risk<br>Closest Station: Te Oka (HV)
2024-05-16 16:46:13,280 - INFO - [create_map.py] Added GeoJson layer for Land Category: Water<br>Fire Risk: Water - No Risk<br>Closest Station: Te Oka (HV)
2024-05-16 16:46:13,288 - INFO - [create_map.py] Added GeoJson layer for Land Category: Water<br>Fire Risk: Water - No Risk<br>Closest Station: Te Oka (HV)
2024-05-16 16:46:13,327 - INFO - [create_map.py] Added GeoJson layer for Land Category: Forest<br>Fire Risk: Low<br>Closest Station: West Melton (HV)
2024-05-16 16:46:13,365 - INFO - [create_map.py] Added GeoJson layer for Land Category: Forest<br>Fire Risk: Low<br>Closest Station: West Melton (HV)
2024-05-16 16:46:13,406 - INFO - [create_map.py] Added GeoJson layer for Land Category: Forest<br>Fire Risk: Low<br>Closest Station: West Melton (HV)
2024-05-16 16:46:13,467 - INFO - [create_map.py] Added GeoJson layer for Land Category: Grass<br>Fire Risk: Moderate<br>Closest Station: Panama Road (HV)
2024-05-16 16:46:13,525 - INFO - [create_map.py] Added GeoJson layer for Land Category: Grass<br>Fire Risk: Moderate<br>Closest Station: Panama Road (HV)
2024-05-16 16:46:13,583 - INFO - [create_map.py] Added GeoJson layer for Land Category: Grass<br>Fire Risk: Moderate<br>Closest Station: Panama Road (HV)
2024-05-16 16:46:13,612 - INFO - [create_map.py] Added GeoJson layer for Land Category: Scrub<br>Fire Risk: High<br>Closest Station: Te Oka (HV)
2024-05-16 16:46:13,727 - INFO - [create_map.py] Added GeoJson layer for Land Category: Scrub<br>Fire Risk: High<br>Closest Station: Te Oka (HV)
2024-05-16 16:46:13,756 - INFO - [create_map.py] Added GeoJson layer for Land Category: Scrub<br>Fire Risk: High<br>Closest Station: Te Oka (HV)
2024-05-16 16:46:13,772 - INFO - [create_map.py] Added GeoJson layer for Land Category: Water<br>Fire Risk: Water - No Risk<br>Closest Station: Cust (HV)
2024-05-16 16:46:13,789 - INFO - [create_map.py] Added GeoJson layer for Land Category: Water<br>Fire Risk: Water - No Risk<br>Closest Station: Cust (HV)
2024-05-16 16:46:13,805 - INFO - [create_map.py] Added GeoJson layer for Land Category: Water<br>Fire Risk: Water - No Risk<br>Closest Station: Cust (HV)
2024-05-16 16:46:13,835 - INFO - [create_map.py] Added GeoJson layer for Land Category: Forest<br>Fire Risk: Low<br>Closest Station: West Melton (HV)
2024-05-16 16:46:13,863 - INFO - [create_map.py] Added GeoJson layer for Land Category: Forest<br>Fire Risk: Low<br>Closest Station: West Melton (HV)
2024-05-16 16:46:13,892 - INFO - [create_map.py] Added GeoJson layer for Land Category: Forest<br>Fire Risk: Low<br>Closest Station: West Melton (HV)
2024-05-16 16:46:13,971 - INFO - [create_map.py] Added GeoJson layer for Land Category: Grass<br>Fire Risk: Moderate<br>Closest Station: Motukarara (HV)
2024-05-16 16:46:14,051 - INFO - [create_map.py] Added GeoJson layer for Land Category: Grass<br>Fire Risk: Moderate<br>Closest Station: Motukarara (HV)
2024-05-16 16:46:14,142 - INFO - [create_map.py] Added GeoJson layer for Land Category: Grass<br>Fire Risk: Moderate<br>Closest Station: Motukarara (HV)
2024-05-16 16:46:14,172 - INFO - [create_map.py] Added GeoJson layer for Land Category: Scrub<br>Fire Risk: High<br>Closest Station: Bottle Lake Forest (HV)
2024-05-16 16:46:14,202 - INFO - [create_map.py] Added GeoJson layer for Land Category: Scrub<br>Fire Risk: High<br>Closest Station: Bottle Lake Forest (HV)
2024-05-16 16:46:14,234 - INFO - [create_map.py] Added GeoJson layer for Land Category: Scrub<br>Fire Risk: High<br>Closest Station: Bottle Lake Forest (HV)
2024-05-16 16:46:14,247 - INFO - [create_map.py] Added GeoJson layer for Land Category: Water<br>Fire Risk: Water - No Risk<br>Closest Station: Panama Road (HV)
2024-05-16 16:46:14,259 - INFO - [create_map.py] Added GeoJson layer for Land Category: Water<br>Fire Risk: Water - No Risk<br>Closest Station: Panama Road (HV)
2024-05-16 16:46:14,271 - INFO - [create_map.py] Added GeoJson layer for Land Category: Water<br>Fire Risk: Water - No Risk<br>Closest Station: Panama Road (HV)
2024-05-16 16:46:14,291 - INFO - [create_map.py] Added GeoJson layer for Land Category: Forest<br>Fire Risk: Low<br>Closest Station: West Melton (HV)
2024-05-16 16:46:14,395 - INFO - [create_map.py] Added GeoJson layer for Land Category: Forest<br>Fire Risk: Low<br>Closest Station: West Melton (HV)
2024-05-16 16:46:14,411 - INFO - [create_map.py] Added GeoJson layer for Land Category: Forest<br>Fire Risk: Low<br>Closest Station: West Melton (HV)
2024-05-16 16:46:14,472 - INFO - [create_map.py] Added GeoJson layer for Land Category: Grass<br>Fire Risk: Moderate<br>Closest Station: Early Valley (HV)
2024-05-16 16:46:14,534 - INFO - [create_map.py] Added GeoJson layer for Land Category: Grass<br>Fire Risk: Moderate<br>Closest Station: Early Valley (HV)
2024-05-16 16:46:14,601 - INFO - [create_map.py] Added GeoJson layer for Land Category: Grass<br>Fire Risk: Moderate<br>Closest Station: Early Valley (HV)
2024-05-16 16:46:14,676 - INFO - [create_map.py] Added GeoJson layer for Land Category: Scrub<br>Fire Risk: High<br>Closest Station: Te Oka (HV)
2024-05-16 16:46:14,744 - INFO - [create_map.py] Added GeoJson layer for Land Category: Scrub<br>Fire Risk: High<br>Closest Station: Te Oka (HV)
2024-05-16 16:46:14,811 - INFO - [create_map.py] Added GeoJson layer for Land Category: Scrub<br>Fire Risk: High<br>Closest Station: Te Oka (HV)
2024-05-16 16:46:14,813 - INFO - [create_map.py] Added GeoJson layer for Land Category: Water<br>Fire Risk: Water - No Risk<br>Closest Station: Panama Road (HV)
2024-05-16 16:46:14,814 - INFO - [create_map.py] Added GeoJson layer for Land Category: Water<br>Fire Risk: Water - No Risk<br>Closest Station: Panama Road (HV)
2024-05-16 16:46:14,815 - INFO - [create_map.py] Added GeoJson layer for Land Category: Water<br>Fire Risk: Water - No Risk<br>Closest Station: Panama Road (HV)
2024-05-16 16:46:14,825 - INFO - [create_map.py] Added GeoJson layer for Land Category: Forest<br>Fire Risk: Low<br>Closest Station: Motukarara (HV)
2024-05-16 16:46:14,835 - INFO - [create_map.py] Added GeoJson layer for Land Category: Forest<br>Fire Risk: Low<br>Closest Station: Motukarara (HV)
2024-05-16 16:46:14,845 - INFO - [create_map.py] Added GeoJson layer for Land Category: Forest<br>Fire Risk: Low<br>Closest Station: Motukarara (HV)
2024-05-16 16:46:14,969 - INFO - [create_map.py] Added GeoJson layer for Land Category: Grass<br>Fire Risk: Moderate<br>Closest Station: Cust (HV)
2024-05-16 16:46:15,093 - INFO - [create_map.py] Added GeoJson layer for Land Category: Grass<br>Fire Risk: Moderate<br>Closest Station: Cust (HV)
2024-05-16 16:46:15,561 - INFO - [create_map.py] Added GeoJson layer for Land Category: Grass<br>Fire Risk: Moderate<br>Closest Station: Cust (HV)
2024-05-16 16:46:15,590 - INFO - [create_map.py] Added GeoJson layer for Land Category: Scrub<br>Fire Risk: Very High<br>Closest Station: Early Valley (HV)
2024-05-16 16:46:15,613 - INFO - [create_map.py] Added GeoJson layer for Land Category: Scrub<br>Fire Risk: High<br>Closest Station: Early Valley (HV)
2024-05-16 16:46:15,636 - INFO - [create_map.py] Added GeoJson layer for Land Category: Scrub<br>Fire Risk: High<br>Closest Station: Early Valley (HV)
2024-05-16 16:46:15,638 - INFO - [create_map.py] Added GeoJson layer for Land Category: Water<br>Fire Risk: Water - No Risk<br>Closest Station: Bottle Lake Forest (HV)
2024-05-16 16:46:15,639 - INFO - [create_map.py] Added GeoJson layer for Land Category: Water<br>Fire Risk: Water - No Risk<br>Closest Station: Bottle Lake Forest (HV)
2024-05-16 16:46:15,641 - INFO - [create_map.py] Added GeoJson layer for Land Category: Water<br>Fire Risk: Water - No Risk<br>Closest Station: Bottle Lake Forest (HV)
2024-05-16 16:46:15,681 - INFO - [create_map.py] Added GeoJson layer for Land Category: Forest<br>Fire Risk: Low<br>Closest Station: Early Valley (HV)
2024-05-16 16:46:15,728 - INFO - [create_map.py] Added GeoJson layer for Land Category: Forest<br>Fire Risk: Low<br>Closest Station: Early Valley (HV)
2024-05-16 16:46:15,774 - INFO - [create_map.py] Added GeoJson layer for Land Category: Forest<br>Fire Risk: Low<br>Closest Station: Early Valley (HV)
2024-05-16 16:46:15,860 - INFO - [create_map.py] Added GeoJson layer for Land Category: Grass<br>Fire Risk: Moderate<br>Closest Station: Rangiora (NW)
2024-05-16 16:46:15,940 - INFO - [create_map.py] Added GeoJson layer for Land Category: Grass<br>Fire Risk: Moderate<br>Closest Station: Rangiora (NW)
2024-05-16 16:46:16,014 - INFO - [create_map.py] Added GeoJson layer for Land Category: Grass<br>Fire Risk: Moderate<br>Closest Station: Rangiora (NW)
2024-05-16 16:46:16,095 - INFO - [create_map.py] Added GeoJson layer for Land Category: Scrub<br>Fire Risk: High<br>Closest Station: Lincoln (NW)
2024-05-16 16:46:16,179 - INFO - [create_map.py] Added GeoJson layer for Land Category: Scrub<br>Fire Risk: High<br>Closest Station: Lincoln (NW)
2024-05-16 16:46:16,262 - INFO - [create_map.py] Added GeoJson layer for Land Category: Scrub<br>Fire Risk: High<br>Closest Station: Lincoln (NW)
2024-05-16 16:46:16,274 - INFO - [create_map.py] Added GeoJson layer for Land Category: Water<br>Fire Risk: Water - No Risk<br>Closest Station: Rangiora (NW)
2024-05-16 16:46:16,282 - INFO - [create_map.py] Added GeoJson layer for Land Category: Water<br>Fire Risk: Water - No Risk<br>Closest Station: Rangiora (NW)
2024-05-16 16:46:16,296 - INFO - [create_map.py] Added GeoJson layer for Land Category: Water<br>Fire Risk: Water - No Risk<br>Closest Station: Rangiora (NW)
2024-05-16 16:46:16,303 - INFO - [create_map.py] Added GeoJson layer for Land Category: Forest<br>Fire Risk: Low<br>Closest Station: Burnham (HV)
2024-05-16 16:46:16,310 - INFO - [create_map.py] Added GeoJson layer for Land Category: Forest<br>Fire Risk: Low<br>Closest Station: Burnham (HV)
2024-05-16 16:46:16,317 - INFO - [create_map.py] Added GeoJson layer for Land Category: Forest<br>Fire Risk: Low<br>Closest Station: Burnham (HV)
2024-05-16 16:46:16,352 - INFO - [create_map.py] Added GeoJson layer for Land Category: Grass<br>Fire Risk: Moderate<br>Closest Station: Te Oka (HV)
2024-05-16 16:46:16,386 - INFO - [create_map.py] Added GeoJson layer for Land Category: Grass<br>Fire Risk: Moderate<br>Closest Station: Te Oka (HV)
2024-05-16 16:46:16,423 - INFO - [create_map.py] Added GeoJson layer for Land Category: Grass<br>Fire Risk: Moderate<br>Closest Station: Te Oka (HV)
2024-05-16 16:46:16,587 - INFO - [create_map.py] Added GeoJson layer for Land Category: Scrub<br>Fire Risk: Very High<br>Closest Station: Panama Road (HV)
2024-05-16 16:46:16,617 - INFO - [create_map.py] Added GeoJson layer for Land Category: Scrub<br>Fire Risk: High<br>Closest Station: Panama Road (HV)
2024-05-16 16:46:16,648 - INFO - [create_map.py] Added GeoJson layer for Land Category: Scrub<br>Fire Risk: High<br>Closest Station: Panama Road (HV)
2024-05-16 16:46:16,651 - INFO - [create_map.py] Added GeoJson layer for Land Category: Water<br>Fire Risk: Water - No Risk<br>Closest Station: Diamond Harbour Ews (NW)
2024-05-16 16:46:16,654 - INFO - [create_map.py] Added GeoJson layer for Land Category: Water<br>Fire Risk: Water - No Risk<br>Closest Station: Diamond Harbour Ews (NW)
2024-05-16 16:46:16,657 - INFO - [create_map.py] Added GeoJson layer for Land Category: Water<br>Fire Risk: Water - No Risk<br>Closest Station: Diamond Harbour Ews (NW)
2024-05-16 16:46:16,694 - INFO - [create_map.py] Added GeoJson layer for Land Category: Forest<br>Fire Risk: Low<br>Closest Station: Christchurch Aws (MS)
2024-05-16 16:46:16,731 - INFO - [create_map.py] Added GeoJson layer for Land Category: Forest<br>Fire Risk: Low<br>Closest Station: Christchurch Aws (MS)
2024-05-16 16:46:16,768 - INFO - [create_map.py] Added GeoJson layer for Land Category: Forest<br>Fire Risk: Low<br>Closest Station: Christchurch Aws (MS)
2024-05-16 16:46:16,969 - INFO - [create_map.py] Added GeoJson layer for Land Category: Grass<br>Fire Risk: Moderate<br>Closest Station: West Melton (HV)
2024-05-16 16:46:17,167 - INFO - [create_map.py] Added GeoJson layer for Land Category: Grass<br>Fire Risk: Moderate<br>Closest Station: West Melton (HV)
2024-05-16 16:46:17,365 - INFO - [create_map.py] Added GeoJson layer for Land Category: Grass<br>Fire Risk: Moderate<br>Closest Station: West Melton (HV)
2024-05-16 16:46:17,501 - INFO - [create_map.py] Added GeoJson layer for Land Category: Scrub<br>Fire Risk: Very High<br>Closest Station: Diamond Harbour Ews (NW)
2024-05-16 16:46:17,623 - INFO - [create_map.py] Added GeoJson layer for Land Category: Scrub<br>Fire Risk: High<br>Closest Station: Diamond Harbour Ews (NW)
2024-05-16 16:46:17,895 - INFO - [create_map.py] Added GeoJson layer for Land Category: Scrub<br>Fire Risk: High<br>Closest Station: Diamond Harbour Ews (NW)
2024-05-16 16:46:17,898 - INFO - [create_map.py] Added GeoJson layer for Land Category: Water<br>Fire Risk: Water - No Risk<br>Closest Station: West Melton (HV)
2024-05-16 16:46:17,900 - INFO - [create_map.py] Added GeoJson layer for Land Category: Water<br>Fire Risk: Water - No Risk<br>Closest Station: West Melton (HV)
2024-05-16 16:46:17,903 - INFO - [create_map.py] Added GeoJson layer for Land Category: Water<br>Fire Risk: Water - No Risk<br>Closest Station: West Melton (HV)
2024-05-16 16:46:17,932 - INFO - [create_map.py] Added GeoJson layer for Land Category: Forest<br>Fire Risk: Low<br>Closest Station: Rangiora (NW)
2024-05-16 16:46:17,961 - INFO - [create_map.py] Added GeoJson layer for Land Category: Forest<br>Fire Risk: Low<br>Closest Station: Rangiora (NW)
2024-05-16 16:46:17,993 - INFO - [create_map.py] Added GeoJson layer for Land Category: Forest<br>Fire Risk: Low<br>Closest Station: Rangiora (NW)
2024-05-16 16:46:18,078 - INFO - [create_map.py] Added GeoJson layer for Land Category: Grass<br>Fire Risk: Moderate<br>Closest Station: Diamond Harbour Ews (NW)
2024-05-16 16:46:18,167 - INFO - [create_map.py] Added GeoJson layer for Land Category: Grass<br>Fire Risk: Moderate<br>Closest Station: Diamond Harbour Ews (NW)
2024-05-16 16:46:18,265 - INFO - [create_map.py] Added GeoJson layer for Land Category: Grass<br>Fire Risk: Moderate<br>Closest Station: Diamond Harbour Ews (NW)
2024-05-16 16:46:18,315 - INFO - [create_map.py] Added GeoJson layer for Land Category: Scrub<br>Fire Risk: Extreme<br>Closest Station: Panama Road (HV)
2024-05-16 16:46:18,366 - INFO - [create_map.py] Added GeoJson layer for Land Category: Scrub<br>Fire Risk: High<br>Closest Station: Panama Road (HV)
2024-05-16 16:46:18,418 - INFO - [create_map.py] Added GeoJson layer for Land Category: Scrub<br>Fire Risk: High<br>Closest Station: Panama Road (HV)
2024-05-16 16:46:18,438 - INFO - [create_map.py] Added GeoJson layer for Land Category: Water<br>Fire Risk: Water - No Risk<br>Closest Station: West Melton (HV)
2024-05-16 16:46:18,464 - INFO - [create_map.py] Added GeoJson layer for Land Category: Water<br>Fire Risk: Water - No Risk<br>Closest Station: West Melton (HV)
2024-05-16 16:46:18,481 - INFO - [create_map.py] Added GeoJson layer for Land Category: Water<br>Fire Risk: Water - No Risk<br>Closest Station: West Melton (HV)
2024-05-16 16:46:18,590 - INFO - [create_map.py] Added GeoJson layer for Land Category: Forest<br>Fire Risk: Low<br>Closest Station: Panama Road (HV)
2024-05-16 16:46:18,697 - INFO - [create_map.py] Added GeoJson layer for Land Category: Forest<br>Fire Risk: Low<br>Closest Station: Panama Road (HV)
2024-05-16 16:46:18,808 - INFO - [create_map.py] Added GeoJson layer for Land Category: Forest<br>Fire Risk: Low<br>Closest Station: Panama Road (HV)
2024-05-16 16:46:19,336 - INFO - [create_map.py] Added GeoJson layer for Land Category: Grass<br>Fire Risk: Moderate<br>Closest Station: Christchurch Aws (MS)
2024-05-16 16:46:19,656 - INFO - [create_map.py] Added GeoJson layer for Land Category: Grass<br>Fire Risk: Moderate<br>Closest Station: Christchurch Aws (MS)
2024-05-16 16:46:19,979 - INFO - [create_map.py] Added GeoJson layer for Land Category: Grass<br>Fire Risk: Moderate<br>Closest Station: Christchurch Aws (MS)
2024-05-16 16:46:20,270 - INFO - [create_map.py] Added GeoJson layer for Land Category: Scrub<br>Fire Risk: High<br>Closest Station: Diamond Harbour Ews (NW)
2024-05-16 16:46:20,614 - INFO - [create_map.py] Added GeoJson layer for Land Category: Scrub<br>Fire Risk: High<br>Closest Station: Diamond Harbour Ews (NW)
2024-05-16 16:46:20,981 - INFO - [create_map.py] Added GeoJson layer for Land Category: Scrub<br>Fire Risk: High<br>Closest Station: Diamond Harbour Ews (NW)
2024-05-16 16:46:20,983 - INFO - [create_map.py] Added GeoJson layer for Land Category: Water<br>Fire Risk: Water - No Risk<br>Closest Station: Early Valley (HV)
2024-05-16 16:46:20,985 - INFO - [create_map.py] Added GeoJson layer for Land Category: Water<br>Fire Risk: Water - No Risk<br>Closest Station: Early Valley (HV)
2024-05-16 16:46:20,987 - INFO - [create_map.py] Added GeoJson layer for Land Category: Water<br>Fire Risk: Water - No Risk<br>Closest Station: Early Valley (HV)
2024-05-16 16:46:20,992 - INFO - [create_map.py] Added GeoJson layer for Land Category: Forest<br>Fire Risk: Low<br>Closest Station: Salt Water Creek (HV)
2024-05-16 16:46:20,997 - INFO - [create_map.py] Added GeoJson layer for Land Category: Forest<br>Fire Risk: Low<br>Closest Station: Salt Water Creek (HV)
2024-05-16 16:46:21,002 - INFO - [create_map.py] Added GeoJson layer for Land Category: Forest<br>Fire Risk: Low<br>Closest Station: Salt Water Creek (HV)
2024-05-16 16:46:21,258 - INFO - [create_map.py] Added GeoJson layer for Land Category: Grass<br>Fire Risk: Moderate<br>Closest Station: Burnham (HV)
2024-05-16 16:46:21,284 - INFO - [create_map.py] Added GeoJson layer for Land Category: Grass<br>Fire Risk: Moderate<br>Closest Station: Burnham (HV)
2024-05-16 16:46:21,309 - INFO - [create_map.py] Added GeoJson layer for Land Category: Grass<br>Fire Risk: Moderate<br>Closest Station: Burnham (HV)
2024-05-16 16:46:21,321 - INFO - [create_map.py] Added GeoJson layer for Land Category: Scrub<br>Fire Risk: High<br>Closest Station: Panama Road (HV)
2024-05-16 16:46:21,334 - INFO - [create_map.py] Added GeoJson layer for Land Category: Scrub<br>Fire Risk: High<br>Closest Station: Panama Road (HV)
2024-05-16 16:46:21,346 - INFO - [create_map.py] Added GeoJson layer for Land Category: Scrub<br>Fire Risk: High<br>Closest Station: Panama Road (HV)
2024-05-16 16:46:21,348 - INFO - [create_map.py] Added GeoJson layer for Land Category: Water<br>Fire Risk: Water - No Risk<br>Closest Station: West Melton (HV)
2024-05-16 16:46:21,349 - INFO - [create_map.py] Added GeoJson layer for Land Category: Water<br>Fire Risk: Water - No Risk<br>Closest Station: West Melton (HV)
2024-05-16 16:46:21,350 - INFO - [create_map.py] Added GeoJson layer for Land Category: Water<br>Fire Risk: Water - No Risk<br>Closest Station: West Melton (HV)
2024-05-16 16:46:21,462 - INFO - [create_map.py] Added GeoJson layer for Land Category: Forest<br>Fire Risk: Low<br>Closest Station: Early Valley (HV)
2024-05-16 16:46:21,675 - INFO - [create_map.py] Added GeoJson layer for Land Category: Forest<br>Fire Risk: Low<br>Closest Station: Early Valley (HV)
2024-05-16 16:46:21,794 - INFO - [create_map.py] Added GeoJson layer for Land Category: Forest<br>Fire Risk: Low<br>Closest Station: Early Valley (HV)
2024-05-16 16:46:22,051 - INFO - [create_map.py] Added GeoJson layer for Land Category: Grass<br>Fire Risk: Moderate<br>Closest Station: Diamond Harbour Ews (NW)
2024-05-16 16:46:22,390 - INFO - [create_map.py] Added GeoJson layer for Land Category: Grass<br>Fire Risk: Moderate<br>Closest Station: Diamond Harbour Ews (NW)
2024-05-16 16:46:22,616 - INFO - [create_map.py] Added GeoJson layer for Land Category: Grass<br>Fire Risk: Moderate<br>Closest Station: Diamond Harbour Ews (NW)
2024-05-16 16:46:22,817 - INFO - [create_map.py] Added GeoJson layer for Land Category: Scrub<br>Fire Risk: Very High<br>Closest Station: Ashley (HV)
2024-05-16 16:46:23,021 - INFO - [create_map.py] Added GeoJson layer for Land Category: Scrub<br>Fire Risk: High<br>Closest Station: Ashley (HV)
2024-05-16 16:46:23,231 - INFO - [create_map.py] Added GeoJson layer for Land Category: Scrub<br>Fire Risk: High<br>Closest Station: Ashley (HV)
2024-05-16 16:46:23,235 - INFO - [create_map.py] Added GeoJson layer for Land Category: Water<br>Fire Risk: Water - No Risk<br>Closest Station: Leeston (HV)
2024-05-16 16:46:23,239 - INFO - [create_map.py] Added GeoJson layer for Land Category: Water<br>Fire Risk: Water - No Risk<br>Closest Station: Leeston (HV)
2024-05-16 16:46:23,243 - INFO - [create_map.py] Added GeoJson layer for Land Category: Water<br>Fire Risk: Water - No Risk<br>Closest Station: Leeston (HV)
2024-05-16 16:46:23,245 - INFO - [create_map.py] Added GeoJson layer for Land Category: Forest<br>Fire Risk: Low<br>Closest Station: Panama Road (HV)
2024-05-16 16:46:23,247 - INFO - [create_map.py] Added GeoJson layer for Land Category: Forest<br>Fire Risk: Low<br>Closest Station: Panama Road (HV)
2024-05-16 16:46:23,249 - INFO - [create_map.py] Added GeoJson layer for Land Category: Forest<br>Fire Risk: Low<br>Closest Station: Panama Road (HV)
2024-05-16 16:46:23,255 - INFO - [create_map.py] Added GeoJson layer for Land Category: Grass<br>Fire Risk: Moderate<br>Closest Station: Motukarara (HV)
2024-05-16 16:46:23,261 - INFO - [create_map.py] Added GeoJson layer for Land Category: Grass<br>Fire Risk: Moderate<br>Closest Station: Motukarara (HV)
2024-05-16 16:46:23,267 - INFO - [create_map.py] Added GeoJson layer for Land Category: Grass<br>Fire Risk: Moderate<br>Closest Station: Motukarara (HV)
2024-05-16 16:46:23,271 - INFO - [create_map.py] Added GeoJson layer for Land Category: Scrub<br>Fire Risk: High<br>Closest Station: Burnham (HV)
2024-05-16 16:46:23,275 - INFO - [create_map.py] Added GeoJson layer for Land Category: Scrub<br>Fire Risk: High<br>Closest Station: Burnham (HV)
2024-05-16 16:46:23,279 - INFO - [create_map.py] Added GeoJson layer for Land Category: Scrub<br>Fire Risk: High<br>Closest Station: Burnham (HV)
2024-05-16 16:46:23,281 - INFO - [create_map.py] Added GeoJson layer for Land Category: Water<br>Fire Risk: Water - No Risk<br>Closest Station: Rangiora (NW)
2024-05-16 16:46:23,284 - INFO - [create_map.py] Added GeoJson layer for Land Category: Water<br>Fire Risk: Water - No Risk<br>Closest Station: Rangiora (NW)
2024-05-16 16:46:23,286 - INFO - [create_map.py] Added GeoJson layer for Land Category: Water<br>Fire Risk: Water - No Risk<br>Closest Station: Rangiora (NW)
2024-05-16 16:46:23,286 - INFO - [create_map.py] Saving fire risk map...
2024-05-16 16:46:40,436 - INFO - [create_map.py] Fire risk map saved successfully.
2024-05-16 16:46:40,437 - INFO - Map created successfully.
2024-05-16 16:50:01,103 - INFO - Starting main function...
2024-05-16 16:50:01,104 - INFO - Loading data...
2024-05-16 16:50:01,104 - INFO - [load_data.py] Loading weather station data...
2024-05-16 16:50:01,124 - INFO - [load_data.py] Weather station data loaded successfully.
2024-05-16 16:50:01,124 - INFO - [load_data.py] Merging weather station data...
2024-05-16 16:50:01,139 - INFO - [load_data.py] Datasets merged successfully.
2024-05-16 16:50:01,139 - INFO - [load_data.py] Loading land use data...
2024-05-16 16:50:01,371 - INFO - [load_data.py] Land use data loaded successfully.
2024-05-16 16:50:01,371 - INFO - Data loaded successfully.
2024-05-16 16:50:01,371 - INFO - Processing data...
2024-05-16 16:50:01,372 - INFO - [process_data.py] Processing data...
2024-05-16 16:50:01,404 - INFO - [process_data.py] Data processed successfully.
2024-05-16 16:50:01,404 - INFO - Data processed successfully.
2024-05-16 16:50:01,404 - INFO - Saving data...
2024-05-16 16:50:02,342 - INFO - Data saved to "src/model/data/fire_risk_per_land_use_area.csv" successfully.
2024-05-16 16:50:02,342 - INFO - Creating map...
2024-05-16 16:50:02,342 - INFO - [create_map.py] Creating fire risk map...
2024-05-16 16:50:02,753 - INFO - [create_map.py] Added GeoJson layer for Land Category: Forest<br>Fire Risk: Low<br>Closest Station: Cust (HV)
2024-05-16 16:50:02,759 - INFO - [create_map.py] Added GeoJson layer for Land Category: Forest<br>Fire Risk: Low<br>Closest Station: Cust (HV)
2024-05-16 16:50:02,764 - INFO - [create_map.py] Added GeoJson layer for Land Category: Forest<br>Fire Risk: Low<br>Closest Station: Cust (HV)
2024-05-16 16:50:02,770 - INFO - [create_map.py] Added GeoJson layer for Land Category: Grass<br>Fire Risk: Moderate<br>Closest Station: West Melton (HV)
2024-05-16 16:50:02,775 - INFO - [create_map.py] Added GeoJson layer for Land Category: Grass<br>Fire Risk: Moderate<br>Closest Station: West Melton (HV)
2024-05-16 16:50:02,781 - INFO - [create_map.py] Added GeoJson layer for Land Category: Grass<br>Fire Risk: Moderate<br>Closest Station: West Melton (HV)
2024-05-16 16:50:02,789 - INFO - [create_map.py] Added GeoJson layer for Land Category: Scrub<br>Fire Risk: High<br>Closest Station: West Melton (HV)
2024-05-16 16:50:02,798 - INFO - [create_map.py] Added GeoJson layer for Land Category: Scrub<br>Fire Risk: High<br>Closest Station: West Melton (HV)
2024-05-16 16:50:02,806 - INFO - [create_map.py] Added GeoJson layer for Land Category: Scrub<br>Fire Risk: High<br>Closest Station: West Melton (HV)
2024-05-16 16:50:02,807 - INFO - [create_map.py] Added GeoJson layer for Land Category: Water<br>Fire Risk: Water - No Risk<br>Closest Station: Christchurch Aws (MS)
2024-05-16 16:50:02,809 - INFO - [create_map.py] Added GeoJson layer for Land Category: Water<br>Fire Risk: Water - No Risk<br>Closest Station: Christchurch Aws (MS)
2024-05-16 16:50:02,810 - INFO - [create_map.py] Added GeoJson layer for Land Category: Water<br>Fire Risk: Water - No Risk<br>Closest Station: Christchurch Aws (MS)
2024-05-16 16:50:02,817 - INFO - [create_map.py] Added GeoJson layer for Land Category: Forest<br>Fire Risk: Low<br>Closest Station: Panama Road (HV)
2024-05-16 16:50:02,843 - INFO - [create_map.py] Added GeoJson layer for Land Category: Forest<br>Fire Risk: Low<br>Closest Station: Panama Road (HV)
2024-05-16 16:50:02,849 - INFO - [create_map.py] Added GeoJson layer for Land Category: Forest<br>Fire Risk: Low<br>Closest Station: Panama Road (HV)
2024-05-16 16:50:02,876 - INFO - [create_map.py] Added GeoJson layer for Land Category: Grass<br>Fire Risk: Moderate<br>Closest Station: West Melton (HV)
2024-05-16 16:50:02,902 - INFO - [create_map.py] Added GeoJson layer for Land Category: Grass<br>Fire Risk: Moderate<br>Closest Station: West Melton (HV)
2024-05-16 16:50:02,928 - INFO - [create_map.py] Added GeoJson layer for Land Category: Grass<br>Fire Risk: Moderate<br>Closest Station: West Melton (HV)
2024-05-16 16:50:02,934 - INFO - [create_map.py] Added GeoJson layer for Land Category: Scrub<br>Fire Risk: High<br>Closest Station: Bottle Lake Forest (HV)
2024-05-16 16:50:02,941 - INFO - [create_map.py] Added GeoJson layer for Land Category: Scrub<br>Fire Risk: High<br>Closest Station: Bottle Lake Forest (HV)
2024-05-16 16:50:02,947 - INFO - [create_map.py] Added GeoJson layer for Land Category: Scrub<br>Fire Risk: High<br>Closest Station: Bottle Lake Forest (HV)
2024-05-16 16:50:02,953 - INFO - [create_map.py] Added GeoJson layer for Land Category: Water<br>Fire Risk: Water - No Risk<br>Closest Station: Bottle Lake Forest (HV)
2024-05-16 16:50:02,959 - INFO - [create_map.py] Added GeoJson layer for Land Category: Water<br>Fire Risk: Water - No Risk<br>Closest Station: Bottle Lake Forest (HV)
2024-05-16 16:50:02,965 - INFO - [create_map.py] Added GeoJson layer for Land Category: Water<br>Fire Risk: Water - No Risk<br>Closest Station: Bottle Lake Forest (HV)
2024-05-16 16:50:02,967 - INFO - [create_map.py] Added GeoJson layer for Land Category: Forest<br>Fire Risk: Low<br>Closest Station: Lincoln (NW)
2024-05-16 16:50:02,969 - INFO - [create_map.py] Added GeoJson layer for Land Category: Forest<br>Fire Risk: Low<br>Closest Station: Lincoln (NW)
2024-05-16 16:50:02,971 - INFO - [create_map.py] Added GeoJson layer for Land Category: Forest<br>Fire Risk: Low<br>Closest Station: Lincoln (NW)
2024-05-16 16:50:02,974 - INFO - [create_map.py] Added GeoJson layer for Land Category: Grass<br>Fire Risk: Moderate<br>Closest Station: Rangiora (NW)
2024-05-16 16:50:02,976 - INFO - [create_map.py] Added GeoJson layer for Land Category: Grass<br>Fire Risk: Moderate<br>Closest Station: Rangiora (NW)
2024-05-16 16:50:02,978 - INFO - [create_map.py] Added GeoJson layer for Land Category: Grass<br>Fire Risk: Moderate<br>Closest Station: Rangiora (NW)
2024-05-16 16:50:02,979 - INFO - [create_map.py] Added GeoJson layer for Land Category: Scrub<br>Fire Risk: High<br>Closest Station: Early Valley (HV)
2024-05-16 16:50:02,981 - INFO - [create_map.py] Added GeoJson layer for Land Category: Scrub<br>Fire Risk: High<br>Closest Station: Early Valley (HV)
2024-05-16 16:50:02,982 - INFO - [create_map.py] Added GeoJson layer for Land Category: Scrub<br>Fire Risk: High<br>Closest Station: Early Valley (HV)
2024-05-16 16:50:03,013 - INFO - [create_map.py] Added GeoJson layer for Land Category: Forest<br>Fire Risk: Low<br>Closest Station: Burnham (HV)
2024-05-16 16:50:03,070 - INFO - [create_map.py] Added GeoJson layer for Land Category: Forest<br>Fire Risk: Low<br>Closest Station: Burnham (HV)
2024-05-16 16:50:03,101 - INFO - [create_map.py] Added GeoJson layer for Land Category: Forest<br>Fire Risk: Low<br>Closest Station: Burnham (HV)
2024-05-16 16:50:03,219 - INFO - [create_map.py] Added GeoJson layer for Land Category: Grass<br>Fire Risk: Moderate<br>Closest Station: Motukarara (HV)
2024-05-16 16:50:03,357 - INFO - [create_map.py] Added GeoJson layer for Land Category: Grass<br>Fire Risk: Moderate<br>Closest Station: Motukarara (HV)
2024-05-16 16:50:03,519 - INFO - [create_map.py] Added GeoJson layer for Land Category: Grass<br>Fire Risk: Moderate<br>Closest Station: Motukarara (HV)
2024-05-16 16:50:03,548 - INFO - [create_map.py] Added GeoJson layer for Land Category: Scrub<br>Fire Risk: High<br>Closest Station: Christchurch Aws (MS)
2024-05-16 16:50:03,576 - INFO - [create_map.py] Added GeoJson layer for Land Category: Scrub<br>Fire Risk: High<br>Closest Station: Christchurch Aws (MS)
2024-05-16 16:50:03,605 - INFO - [create_map.py] Added GeoJson layer for Land Category: Scrub<br>Fire Risk: High<br>Closest Station: Christchurch Aws (MS)
2024-05-16 16:50:03,609 - INFO - [create_map.py] Added GeoJson layer for Land Category: Water<br>Fire Risk: Water - No Risk<br>Closest Station: Rangiora (NW)
2024-05-16 16:50:03,613 - INFO - [create_map.py] Added GeoJson layer for Land Category: Water<br>Fire Risk: Water - No Risk<br>Closest Station: Rangiora (NW)
2024-05-16 16:50:03,617 - INFO - [create_map.py] Added GeoJson layer for Land Category: Water<br>Fire Risk: Water - No Risk<br>Closest Station: Rangiora (NW)
2024-05-16 16:50:03,649 - INFO - [create_map.py] Added GeoJson layer for Land Category: Forest<br>Fire Risk: Low<br>Closest Station: West Melton (HV)
2024-05-16 16:50:03,679 - INFO - [create_map.py] Added GeoJson layer for Land Category: Forest<br>Fire Risk: Low<br>Closest Station: West Melton (HV)
2024-05-16 16:50:03,711 - INFO - [create_map.py] Added GeoJson layer for Land Category: Forest<br>Fire Risk: Low<br>Closest Station: West Melton (HV)
2024-05-16 16:50:03,830 - INFO - [create_map.py] Added GeoJson layer for Land Category: Grass<br>Fire Risk: Moderate<br>Closest Station: Te Oka (HV)
2024-05-16 16:50:03,902 - INFO - [create_map.py] Added GeoJson layer for Land Category: Grass<br>Fire Risk: Moderate<br>Closest Station: Te Oka (HV)
2024-05-16 16:50:03,974 - INFO - [create_map.py] Added GeoJson layer for Land Category: Grass<br>Fire Risk: Moderate<br>Closest Station: Te Oka (HV)
2024-05-16 16:50:04,035 - INFO - [create_map.py] Added GeoJson layer for Land Category: Scrub<br>Fire Risk: High<br>Closest Station: Bottle Lake Forest (HV)
2024-05-16 16:50:04,146 - INFO - [create_map.py] Added GeoJson layer for Land Category: Scrub<br>Fire Risk: High<br>Closest Station: Bottle Lake Forest (HV)
2024-05-16 16:50:04,210 - INFO - [create_map.py] Added GeoJson layer for Land Category: Scrub<br>Fire Risk: High<br>Closest Station: Bottle Lake Forest (HV)
2024-05-16 16:50:04,220 - INFO - [create_map.py] Added GeoJson layer for Land Category: Water<br>Fire Risk: Water - No Risk<br>Closest Station: Christchurch Aws (MS)
2024-05-16 16:50:04,231 - INFO - [create_map.py] Added GeoJson layer for Land Category: Water<br>Fire Risk: Water - No Risk<br>Closest Station: Christchurch Aws (MS)
2024-05-16 16:50:04,241 - INFO - [create_map.py] Added GeoJson layer for Land Category: Water<br>Fire Risk: Water - No Risk<br>Closest Station: Christchurch Aws (MS)
2024-05-16 16:50:04,263 - INFO - [create_map.py] Added GeoJson layer for Land Category: Forest<br>Fire Risk: Low<br>Closest Station: Bottle Lake Forest (HV)
2024-05-16 16:50:04,286 - INFO - [create_map.py] Added GeoJson layer for Land Category: Forest<br>Fire Risk: Low<br>Closest Station: Bottle Lake Forest (HV)
2024-05-16 16:50:04,309 - INFO - [create_map.py] Added GeoJson layer for Land Category: Forest<br>Fire Risk: Low<br>Closest Station: Bottle Lake Forest (HV)
2024-05-16 16:50:04,368 - INFO - [create_map.py] Added GeoJson layer for Land Category: Grass<br>Fire Risk: Moderate<br>Closest Station: Motukarara (HV)
2024-05-16 16:50:04,427 - INFO - [create_map.py] Added GeoJson layer for Land Category: Grass<br>Fire Risk: Moderate<br>Closest Station: Motukarara (HV)
2024-05-16 16:50:04,543 - INFO - [create_map.py] Added GeoJson layer for Land Category: Grass<br>Fire Risk: Moderate<br>Closest Station: Motukarara (HV)
2024-05-16 16:50:04,576 - INFO - [create_map.py] Added GeoJson layer for Land Category: Scrub<br>Fire Risk: High<br>Closest Station: Panama Road (HV)
2024-05-16 16:50:04,609 - INFO - [create_map.py] Added GeoJson layer for Land Category: Scrub<br>Fire Risk: High<br>Closest Station: Panama Road (HV)
2024-05-16 16:50:04,642 - INFO - [create_map.py] Added GeoJson layer for Land Category: Scrub<br>Fire Risk: High<br>Closest Station: Panama Road (HV)
2024-05-16 16:50:04,650 - INFO - [create_map.py] Added GeoJson layer for Land Category: Water<br>Fire Risk: Water - No Risk<br>Closest Station: Te Oka (HV)
2024-05-16 16:50:04,658 - INFO - [create_map.py] Added GeoJson layer for Land Category: Water<br>Fire Risk: Water - No Risk<br>Closest Station: Te Oka (HV)
2024-05-16 16:50:04,666 - INFO - [create_map.py] Added GeoJson layer for Land Category: Water<br>Fire Risk: Water - No Risk<br>Closest Station: Te Oka (HV)
2024-05-16 16:50:04,705 - INFO - [create_map.py] Added GeoJson layer for Land Category: Forest<br>Fire Risk: Low<br>Closest Station: West Melton (HV)
2024-05-16 16:50:04,743 - INFO - [create_map.py] Added GeoJson layer for Land Category: Forest<br>Fire Risk: Low<br>Closest Station: West Melton (HV)
2024-05-16 16:50:04,781 - INFO - [create_map.py] Added GeoJson layer for Land Category: Forest<br>Fire Risk: Low<br>Closest Station: West Melton (HV)
2024-05-16 16:50:04,841 - INFO - [create_map.py] Added GeoJson layer for Land Category: Grass<br>Fire Risk: Moderate<br>Closest Station: Panama Road (HV)
2024-05-16 16:50:04,898 - INFO - [create_map.py] Added GeoJson layer for Land Category: Grass<br>Fire Risk: Moderate<br>Closest Station: Panama Road (HV)
2024-05-16 16:50:04,956 - INFO - [create_map.py] Added GeoJson layer for Land Category: Grass<br>Fire Risk: Moderate<br>Closest Station: Panama Road (HV)
2024-05-16 16:50:04,985 - INFO - [create_map.py] Added GeoJson layer for Land Category: Scrub<br>Fire Risk: High<br>Closest Station: Te Oka (HV)
2024-05-16 16:50:05,086 - INFO - [create_map.py] Added GeoJson layer for Land Category: Scrub<br>Fire Risk: High<br>Closest Station: Te Oka (HV)
2024-05-16 16:50:05,118 - INFO - [create_map.py] Added GeoJson layer for Land Category: Scrub<br>Fire Risk: High<br>Closest Station: Te Oka (HV)
2024-05-16 16:50:05,135 - INFO - [create_map.py] Added GeoJson layer for Land Category: Water<br>Fire Risk: Water - No Risk<br>Closest Station: Cust (HV)
2024-05-16 16:50:05,154 - INFO - [create_map.py] Added GeoJson layer for Land Category: Water<br>Fire Risk: Water - No Risk<br>Closest Station: Cust (HV)
2024-05-16 16:50:05,184 - INFO - [create_map.py] Added GeoJson layer for Land Category: Water<br>Fire Risk: Water - No Risk<br>Closest Station: Cust (HV)
2024-05-16 16:50:05,233 - INFO - [create_map.py] Added GeoJson layer for Land Category: Forest<br>Fire Risk: Low<br>Closest Station: West Melton (HV)
2024-05-16 16:50:05,273 - INFO - [create_map.py] Added GeoJson layer for Land Category: Forest<br>Fire Risk: Low<br>Closest Station: West Melton (HV)
2024-05-16 16:50:05,309 - INFO - [create_map.py] Added GeoJson layer for Land Category: Forest<br>Fire Risk: Low<br>Closest Station: West Melton (HV)
2024-05-16 16:50:05,404 - INFO - [create_map.py] Added GeoJson layer for Land Category: Grass<br>Fire Risk: Moderate<br>Closest Station: Motukarara (HV)
2024-05-16 16:50:05,486 - INFO - [create_map.py] Added GeoJson layer for Land Category: Grass<br>Fire Risk: Moderate<br>Closest Station: Motukarara (HV)
2024-05-16 16:50:05,562 - INFO - [create_map.py] Added GeoJson layer for Land Category: Grass<br>Fire Risk: Moderate<br>Closest Station: Motukarara (HV)
2024-05-16 16:50:05,590 - INFO - [create_map.py] Added GeoJson layer for Land Category: Scrub<br>Fire Risk: High<br>Closest Station: Bottle Lake Forest (HV)
2024-05-16 16:50:05,617 - INFO - [create_map.py] Added GeoJson layer for Land Category: Scrub<br>Fire Risk: High<br>Closest Station: Bottle Lake Forest (HV)
2024-05-16 16:50:05,651 - INFO - [create_map.py] Added GeoJson layer for Land Category: Scrub<br>Fire Risk: High<br>Closest Station: Bottle Lake Forest (HV)
2024-05-16 16:50:05,664 - INFO - [create_map.py] Added GeoJson layer for Land Category: Water<br>Fire Risk: Water - No Risk<br>Closest Station: Panama Road (HV)
2024-05-16 16:50:05,685 - INFO - [create_map.py] Added GeoJson layer for Land Category: Water<br>Fire Risk: Water - No Risk<br>Closest Station: Panama Road (HV)
2024-05-16 16:50:05,701 - INFO - [create_map.py] Added GeoJson layer for Land Category: Water<br>Fire Risk: Water - No Risk<br>Closest Station: Panama Road (HV)
2024-05-16 16:50:05,843 - INFO - [create_map.py] Added GeoJson layer for Land Category: Forest<br>Fire Risk: Low<br>Closest Station: West Melton (HV)
2024-05-16 16:50:05,949 - INFO - [create_map.py] Added GeoJson layer for Land Category: Forest<br>Fire Risk: Low<br>Closest Station: West Melton (HV)
2024-05-16 16:50:05,965 - INFO - [create_map.py] Added GeoJson layer for Land Category: Forest<br>Fire Risk: Low<br>Closest Station: West Melton (HV)
2024-05-16 16:50:06,033 - INFO - [create_map.py] Added GeoJson layer for Land Category: Grass<br>Fire Risk: Moderate<br>Closest Station: Early Valley (HV)
2024-05-16 16:50:06,097 - INFO - [create_map.py] Added GeoJson layer for Land Category: Grass<br>Fire Risk: Moderate<br>Closest Station: Early Valley (HV)
2024-05-16 16:50:06,158 - INFO - [create_map.py] Added GeoJson layer for Land Category: Grass<br>Fire Risk: Moderate<br>Closest Station: Early Valley (HV)
2024-05-16 16:50:06,219 - INFO - [create_map.py] Added GeoJson layer for Land Category: Scrub<br>Fire Risk: High<br>Closest Station: Te Oka (HV)
2024-05-16 16:50:06,285 - INFO - [create_map.py] Added GeoJson layer for Land Category: Scrub<br>Fire Risk: High<br>Closest Station: Te Oka (HV)
2024-05-16 16:50:06,352 - INFO - [create_map.py] Added GeoJson layer for Land Category: Scrub<br>Fire Risk: High<br>Closest Station: Te Oka (HV)
2024-05-16 16:50:06,353 - INFO - [create_map.py] Added GeoJson layer for Land Category: Water<br>Fire Risk: Water - No Risk<br>Closest Station: Panama Road (HV)
2024-05-16 16:50:06,355 - INFO - [create_map.py] Added GeoJson layer for Land Category: Water<br>Fire Risk: Water - No Risk<br>Closest Station: Panama Road (HV)
2024-05-16 16:50:06,356 - INFO - [create_map.py] Added GeoJson layer for Land Category: Water<br>Fire Risk: Water - No Risk<br>Closest Station: Panama Road (HV)
2024-05-16 16:50:06,369 - INFO - [create_map.py] Added GeoJson layer for Land Category: Forest<br>Fire Risk: Low<br>Closest Station: Motukarara (HV)
2024-05-16 16:50:06,381 - INFO - [create_map.py] Added GeoJson layer for Land Category: Forest<br>Fire Risk: Low<br>Closest Station: Motukarara (HV)
2024-05-16 16:50:06,392 - INFO - [create_map.py] Added GeoJson layer for Land Category: Forest<br>Fire Risk: Low<br>Closest Station: Motukarara (HV)
2024-05-16 16:50:06,522 - INFO - [create_map.py] Added GeoJson layer for Land Category: Grass<br>Fire Risk: Moderate<br>Closest Station: Cust (HV)
2024-05-16 16:50:06,639 - INFO - [create_map.py] Added GeoJson layer for Land Category: Grass<br>Fire Risk: Moderate<br>Closest Station: Cust (HV)
2024-05-16 16:50:06,858 - INFO - [create_map.py] Added GeoJson layer for Land Category: Grass<br>Fire Risk: Moderate<br>Closest Station: Cust (HV)
2024-05-16 16:50:06,883 - INFO - [create_map.py] Added GeoJson layer for Land Category: Scrub<br>Fire Risk: Very High<br>Closest Station: Early Valley (HV)
2024-05-16 16:50:06,907 - INFO - [create_map.py] Added GeoJson layer for Land Category: Scrub<br>Fire Risk: High<br>Closest Station: Early Valley (HV)
2024-05-16 16:50:06,931 - INFO - [create_map.py] Added GeoJson layer for Land Category: Scrub<br>Fire Risk: High<br>Closest Station: Early Valley (HV)
2024-05-16 16:50:06,933 - INFO - [create_map.py] Added GeoJson layer for Land Category: Water<br>Fire Risk: Water - No Risk<br>Closest Station: Bottle Lake Forest (HV)
2024-05-16 16:50:06,934 - INFO - [create_map.py] Added GeoJson layer for Land Category: Water<br>Fire Risk: Water - No Risk<br>Closest Station: Bottle Lake Forest (HV)
2024-05-16 16:50:06,936 - INFO - [create_map.py] Added GeoJson layer for Land Category: Water<br>Fire Risk: Water - No Risk<br>Closest Station: Bottle Lake Forest (HV)
2024-05-16 16:50:06,982 - INFO - [create_map.py] Added GeoJson layer for Land Category: Forest<br>Fire Risk: Low<br>Closest Station: Early Valley (HV)
2024-05-16 16:50:07,026 - INFO - [create_map.py] Added GeoJson layer for Land Category: Forest<br>Fire Risk: Low<br>Closest Station: Early Valley (HV)
2024-05-16 16:50:07,065 - INFO - [create_map.py] Added GeoJson layer for Land Category: Forest<br>Fire Risk: Low<br>Closest Station: Early Valley (HV)
2024-05-16 16:50:07,140 - INFO - [create_map.py] Added GeoJson layer for Land Category: Grass<br>Fire Risk: Moderate<br>Closest Station: Rangiora (NW)
2024-05-16 16:50:07,224 - INFO - [create_map.py] Added GeoJson layer for Land Category: Grass<br>Fire Risk: Moderate<br>Closest Station: Rangiora (NW)
2024-05-16 16:50:07,301 - INFO - [create_map.py] Added GeoJson layer for Land Category: Grass<br>Fire Risk: Moderate<br>Closest Station: Rangiora (NW)
2024-05-16 16:50:07,390 - INFO - [create_map.py] Added GeoJson layer for Land Category: Scrub<br>Fire Risk: High<br>Closest Station: Lincoln (NW)
2024-05-16 16:50:07,481 - INFO - [create_map.py] Added GeoJson layer for Land Category: Scrub<br>Fire Risk: High<br>Closest Station: Lincoln (NW)
2024-05-16 16:50:07,571 - INFO - [create_map.py] Added GeoJson layer for Land Category: Scrub<br>Fire Risk: High<br>Closest Station: Lincoln (NW)
2024-05-16 16:50:07,580 - INFO - [create_map.py] Added GeoJson layer for Land Category: Water<br>Fire Risk: Water - No Risk<br>Closest Station: Rangiora (NW)
2024-05-16 16:50:07,587 - INFO - [create_map.py] Added GeoJson layer for Land Category: Water<br>Fire Risk: Water - No Risk<br>Closest Station: Rangiora (NW)
2024-05-16 16:50:07,596 - INFO - [create_map.py] Added GeoJson layer for Land Category: Water<br>Fire Risk: Water - No Risk<br>Closest Station: Rangiora (NW)
2024-05-16 16:50:07,604 - INFO - [create_map.py] Added GeoJson layer for Land Category: Forest<br>Fire Risk: Low<br>Closest Station: Burnham (HV)
2024-05-16 16:50:07,610 - INFO - [create_map.py] Added GeoJson layer for Land Category: Forest<br>Fire Risk: Low<br>Closest Station: Burnham (HV)
2024-05-16 16:50:07,617 - INFO - [create_map.py] Added GeoJson layer for Land Category: Forest<br>Fire Risk: Low<br>Closest Station: Burnham (HV)
2024-05-16 16:50:07,652 - INFO - [create_map.py] Added GeoJson layer for Land Category: Grass<br>Fire Risk: Moderate<br>Closest Station: Te Oka (HV)
2024-05-16 16:50:07,686 - INFO - [create_map.py] Added GeoJson layer for Land Category: Grass<br>Fire Risk: Moderate<br>Closest Station: Te Oka (HV)
2024-05-16 16:50:07,721 - INFO - [create_map.py] Added GeoJson layer for Land Category: Grass<br>Fire Risk: Moderate<br>Closest Station: Te Oka (HV)
2024-05-16 16:50:07,888 - INFO - [create_map.py] Added GeoJson layer for Land Category: Scrub<br>Fire Risk: Very High<br>Closest Station: Panama Road (HV)
2024-05-16 16:50:07,918 - INFO - [create_map.py] Added GeoJson layer for Land Category: Scrub<br>Fire Risk: High<br>Closest Station: Panama Road (HV)
2024-05-16 16:50:07,948 - INFO - [create_map.py] Added GeoJson layer for Land Category: Scrub<br>Fire Risk: High<br>Closest Station: Panama Road (HV)
2024-05-16 16:50:07,951 - INFO - [create_map.py] Added GeoJson layer for Land Category: Water<br>Fire Risk: Water - No Risk<br>Closest Station: Diamond Harbour Ews (NW)
2024-05-16 16:50:07,954 - INFO - [create_map.py] Added GeoJson layer for Land Category: Water<br>Fire Risk: Water - No Risk<br>Closest Station: Diamond Harbour Ews (NW)
2024-05-16 16:50:07,957 - INFO - [create_map.py] Added GeoJson layer for Land Category: Water<br>Fire Risk: Water - No Risk<br>Closest Station: Diamond Harbour Ews (NW)
2024-05-16 16:50:07,993 - INFO - [create_map.py] Added GeoJson layer for Land Category: Forest<br>Fire Risk: Low<br>Closest Station: Christchurch Aws (MS)
2024-05-16 16:50:08,029 - INFO - [create_map.py] Added GeoJson layer for Land Category: Forest<br>Fire Risk: Low<br>Closest Station: Christchurch Aws (MS)
2024-05-16 16:50:08,065 - INFO - [create_map.py] Added GeoJson layer for Land Category: Forest<br>Fire Risk: Low<br>Closest Station: Christchurch Aws (MS)
2024-05-16 16:50:08,275 - INFO - [create_map.py] Added GeoJson layer for Land Category: Grass<br>Fire Risk: Moderate<br>Closest Station: West Melton (HV)
2024-05-16 16:50:08,490 - INFO - [create_map.py] Added GeoJson layer for Land Category: Grass<br>Fire Risk: Moderate<br>Closest Station: West Melton (HV)
2024-05-16 16:50:08,680 - INFO - [create_map.py] Added GeoJson layer for Land Category: Grass<br>Fire Risk: Moderate<br>Closest Station: West Melton (HV)
2024-05-16 16:50:08,790 - INFO - [create_map.py] Added GeoJson layer for Land Category: Scrub<br>Fire Risk: Very High<br>Closest Station: Diamond Harbour Ews (NW)
2024-05-16 16:50:08,899 - INFO - [create_map.py] Added GeoJson layer for Land Category: Scrub<br>Fire Risk: High<br>Closest Station: Diamond Harbour Ews (NW)
2024-05-16 16:50:09,185 - INFO - [create_map.py] Added GeoJson layer for Land Category: Scrub<br>Fire Risk: High<br>Closest Station: Diamond Harbour Ews (NW)
2024-05-16 16:50:09,188 - INFO - [create_map.py] Added GeoJson layer for Land Category: Water<br>Fire Risk: Water - No Risk<br>Closest Station: West Melton (HV)
2024-05-16 16:50:09,191 - INFO - [create_map.py] Added GeoJson layer for Land Category: Water<br>Fire Risk: Water - No Risk<br>Closest Station: West Melton (HV)
2024-05-16 16:50:09,194 - INFO - [create_map.py] Added GeoJson layer for Land Category: Water<br>Fire Risk: Water - No Risk<br>Closest Station: West Melton (HV)
2024-05-16 16:50:09,228 - INFO - [create_map.py] Added GeoJson layer for Land Category: Forest<br>Fire Risk: Low<br>Closest Station: Rangiora (NW)
2024-05-16 16:50:09,259 - INFO - [create_map.py] Added GeoJson layer for Land Category: Forest<br>Fire Risk: Low<br>Closest Station: Rangiora (NW)
2024-05-16 16:50:09,292 - INFO - [create_map.py] Added GeoJson layer for Land Category: Forest<br>Fire Risk: Low<br>Closest Station: Rangiora (NW)
2024-05-16 16:50:09,384 - INFO - [create_map.py] Added GeoJson layer for Land Category: Grass<br>Fire Risk: Moderate<br>Closest Station: Diamond Harbour Ews (NW)
2024-05-16 16:50:09,477 - INFO - [create_map.py] Added GeoJson layer for Land Category: Grass<br>Fire Risk: Moderate<br>Closest Station: Diamond Harbour Ews (NW)
2024-05-16 16:50:09,565 - INFO - [create_map.py] Added GeoJson layer for Land Category: Grass<br>Fire Risk: Moderate<br>Closest Station: Diamond Harbour Ews (NW)
2024-05-16 16:50:09,610 - INFO - [create_map.py] Added GeoJson layer for Land Category: Scrub<br>Fire Risk: Extreme<br>Closest Station: Panama Road (HV)
2024-05-16 16:50:09,661 - INFO - [create_map.py] Added GeoJson layer for Land Category: Scrub<br>Fire Risk: High<br>Closest Station: Panama Road (HV)
2024-05-16 16:50:09,708 - INFO - [create_map.py] Added GeoJson layer for Land Category: Scrub<br>Fire Risk: High<br>Closest Station: Panama Road (HV)
2024-05-16 16:50:09,725 - INFO - [create_map.py] Added GeoJson layer for Land Category: Water<br>Fire Risk: Water - No Risk<br>Closest Station: West Melton (HV)
2024-05-16 16:50:09,742 - INFO - [create_map.py] Added GeoJson layer for Land Category: Water<br>Fire Risk: Water - No Risk<br>Closest Station: West Melton (HV)
2024-05-16 16:50:09,760 - INFO - [create_map.py] Added GeoJson layer for Land Category: Water<br>Fire Risk: Water - No Risk<br>Closest Station: West Melton (HV)
2024-05-16 16:50:09,879 - INFO - [create_map.py] Added GeoJson layer for Land Category: Forest<br>Fire Risk: Low<br>Closest Station: Panama Road (HV)
2024-05-16 16:50:10,008 - INFO - [create_map.py] Added GeoJson layer for Land Category: Forest<br>Fire Risk: Low<br>Closest Station: Panama Road (HV)
2024-05-16 16:50:10,124 - INFO - [create_map.py] Added GeoJson layer for Land Category: Forest<br>Fire Risk: Low<br>Closest Station: Panama Road (HV)
2024-05-16 16:50:10,633 - INFO - [create_map.py] Added GeoJson layer for Land Category: Grass<br>Fire Risk: Moderate<br>Closest Station: Christchurch Aws (MS)
2024-05-16 16:50:11,025 - INFO - [create_map.py] Added GeoJson layer for Land Category: Grass<br>Fire Risk: Moderate<br>Closest Station: Christchurch Aws (MS)
2024-05-16 16:50:11,364 - INFO - [create_map.py] Added GeoJson layer for Land Category: Grass<br>Fire Risk: Moderate<br>Closest Station: Christchurch Aws (MS)
2024-05-16 16:50:11,672 - INFO - [create_map.py] Added GeoJson layer for Land Category: Scrub<br>Fire Risk: High<br>Closest Station: Diamond Harbour Ews (NW)
2024-05-16 16:50:11,975 - INFO - [create_map.py] Added GeoJson layer for Land Category: Scrub<br>Fire Risk: High<br>Closest Station: Diamond Harbour Ews (NW)
2024-05-16 16:50:12,274 - INFO - [create_map.py] Added GeoJson layer for Land Category: Scrub<br>Fire Risk: High<br>Closest Station: Diamond Harbour Ews (NW)
2024-05-16 16:50:12,276 - INFO - [create_map.py] Added GeoJson layer for Land Category: Water<br>Fire Risk: Water - No Risk<br>Closest Station: Early Valley (HV)
2024-05-16 16:50:12,279 - INFO - [create_map.py] Added GeoJson layer for Land Category: Water<br>Fire Risk: Water - No Risk<br>Closest Station: Early Valley (HV)
2024-05-16 16:50:12,281 - INFO - [create_map.py] Added GeoJson layer for Land Category: Water<br>Fire Risk: Water - No Risk<br>Closest Station: Early Valley (HV)
2024-05-16 16:50:12,287 - INFO - [create_map.py] Added GeoJson layer for Land Category: Forest<br>Fire Risk: Low<br>Closest Station: Salt Water Creek (HV)
2024-05-16 16:50:12,292 - INFO - [create_map.py] Added GeoJson layer for Land Category: Forest<br>Fire Risk: Low<br>Closest Station: Salt Water Creek (HV)
2024-05-16 16:50:12,297 - INFO - [create_map.py] Added GeoJson layer for Land Category: Forest<br>Fire Risk: Low<br>Closest Station: Salt Water Creek (HV)
2024-05-16 16:50:12,617 - INFO - [create_map.py] Added GeoJson layer for Land Category: Grass<br>Fire Risk: Moderate<br>Closest Station: Burnham (HV)
2024-05-16 16:50:12,685 - INFO - [create_map.py] Added GeoJson layer for Land Category: Grass<br>Fire Risk: Moderate<br>Closest Station: Burnham (HV)
2024-05-16 16:50:12,728 - INFO - [create_map.py] Added GeoJson layer for Land Category: Grass<br>Fire Risk: Moderate<br>Closest Station: Burnham (HV)
2024-05-16 16:50:12,742 - INFO - [create_map.py] Added GeoJson layer for Land Category: Scrub<br>Fire Risk: High<br>Closest Station: Panama Road (HV)
2024-05-16 16:50:12,755 - INFO - [create_map.py] Added GeoJson layer for Land Category: Scrub<br>Fire Risk: High<br>Closest Station: Panama Road (HV)
2024-05-16 16:50:12,769 - INFO - [create_map.py] Added GeoJson layer for Land Category: Scrub<br>Fire Risk: High<br>Closest Station: Panama Road (HV)
2024-05-16 16:50:12,771 - INFO - [create_map.py] Added GeoJson layer for Land Category: Water<br>Fire Risk: Water - No Risk<br>Closest Station: West Melton (HV)
2024-05-16 16:50:12,772 - INFO - [create_map.py] Added GeoJson layer for Land Category: Water<br>Fire Risk: Water - No Risk<br>Closest Station: West Melton (HV)
2024-05-16 16:50:12,774 - INFO - [create_map.py] Added GeoJson layer for Land Category: Water<br>Fire Risk: Water - No Risk<br>Closest Station: West Melton (HV)
2024-05-16 16:50:12,920 - INFO - [create_map.py] Added GeoJson layer for Land Category: Forest<br>Fire Risk: Low<br>Closest Station: Early Valley (HV)
2024-05-16 16:50:13,035 - INFO - [create_map.py] Added GeoJson layer for Land Category: Forest<br>Fire Risk: Low<br>Closest Station: Early Valley (HV)
2024-05-16 16:50:13,175 - INFO - [create_map.py] Added GeoJson layer for Land Category: Forest<br>Fire Risk: Low<br>Closest Station: Early Valley (HV)
2024-05-16 16:50:13,479 - INFO - [create_map.py] Added GeoJson layer for Land Category: Grass<br>Fire Risk: Moderate<br>Closest Station: Diamond Harbour Ews (NW)
2024-05-16 16:50:13,708 - INFO - [create_map.py] Added GeoJson layer for Land Category: Grass<br>Fire Risk: Moderate<br>Closest Station: Diamond Harbour Ews (NW)
2024-05-16 16:50:13,938 - INFO - [create_map.py] Added GeoJson layer for Land Category: Grass<br>Fire Risk: Moderate<br>Closest Station: Diamond Harbour Ews (NW)
2024-05-16 16:50:14,153 - INFO - [create_map.py] Added GeoJson layer for Land Category: Scrub<br>Fire Risk: Very High<br>Closest Station: Ashley (HV)
2024-05-16 16:50:14,476 - INFO - [create_map.py] Added GeoJson layer for Land Category: Scrub<br>Fire Risk: High<br>Closest Station: Ashley (HV)
2024-05-16 16:50:14,769 - INFO - [create_map.py] Added GeoJson layer for Land Category: Scrub<br>Fire Risk: High<br>Closest Station: Ashley (HV)
2024-05-16 16:50:14,775 - INFO - [create_map.py] Added GeoJson layer for Land Category: Water<br>Fire Risk: Water - No Risk<br>Closest Station: Leeston (HV)
2024-05-16 16:50:14,779 - INFO - [create_map.py] Added GeoJson layer for Land Category: Water<br>Fire Risk: Water - No Risk<br>Closest Station: Leeston (HV)
2024-05-16 16:50:14,783 - INFO - [create_map.py] Added GeoJson layer for Land Category: Water<br>Fire Risk: Water - No Risk<br>Closest Station: Leeston (HV)
2024-05-16 16:50:14,785 - INFO - [create_map.py] Added GeoJson layer for Land Category: Forest<br>Fire Risk: Low<br>Closest Station: Panama Road (HV)
2024-05-16 16:50:14,787 - INFO - [create_map.py] Added GeoJson layer for Land Category: Forest<br>Fire Risk: Low<br>Closest Station: Panama Road (HV)
2024-05-16 16:50:14,791 - INFO - [create_map.py] Added GeoJson layer for Land Category: Forest<br>Fire Risk: Low<br>Closest Station: Panama Road (HV)
2024-05-16 16:50:14,797 - INFO - [create_map.py] Added GeoJson layer for Land Category: Grass<br>Fire Risk: Moderate<br>Closest Station: Motukarara (HV)
2024-05-16 16:50:14,803 - INFO - [create_map.py] Added GeoJson layer for Land Category: Grass<br>Fire Risk: Moderate<br>Closest Station: Motukarara (HV)
2024-05-16 16:50:14,810 - INFO - [create_map.py] Added GeoJson layer for Land Category: Grass<br>Fire Risk: Moderate<br>Closest Station: Motukarara (HV)
2024-05-16 16:50:14,815 - INFO - [create_map.py] Added GeoJson layer for Land Category: Scrub<br>Fire Risk: High<br>Closest Station: Burnham (HV)
2024-05-16 16:50:14,819 - INFO - [create_map.py] Added GeoJson layer for Land Category: Scrub<br>Fire Risk: High<br>Closest Station: Burnham (HV)
2024-05-16 16:50:14,824 - INFO - [create_map.py] Added GeoJson layer for Land Category: Scrub<br>Fire Risk: High<br>Closest Station: Burnham (HV)
2024-05-16 16:50:14,826 - INFO - [create_map.py] Added GeoJson layer for Land Category: Water<br>Fire Risk: Water - No Risk<br>Closest Station: Rangiora (NW)
2024-05-16 16:50:14,828 - INFO - [create_map.py] Added GeoJson layer for Land Category: Water<br>Fire Risk: Water - No Risk<br>Closest Station: Rangiora (NW)
2024-05-16 16:50:14,831 - INFO - [create_map.py] Added GeoJson layer for Land Category: Water<br>Fire Risk: Water - No Risk<br>Closest Station: Rangiora (NW)
2024-05-16 16:50:14,833 - INFO - [create_map.py] Saving fire risk map...
2024-05-16 16:50:33,147 - INFO - [create_map.py] Fire risk map saved successfully.
2024-05-16 16:50:33,147 - INFO - Map created successfully.
