2024-05-26
2024-05-26 02:00:15 The process of filling out the fire_predictions table is in progress...
2024-05-26 02:00:15 The data was inserted into fire_predictions table
2024-05-26 02:00:15 The process of filling out the fire_predictions_files table is in progress...
2024-05-26 02:00:15 The data was inserted into fire_predictions_files table
2024-05-26 02:00:29 The CSV data was sent to S3 bucket successfully
2024-05-26 02:00:29 The HTML data was sent to S3 bucket successfully
2024-05-26 02:00:30 CSV file uploaded successfully
2024-05-26 02:00:30 HTML file uploaded successfully
2024-05-26
2024-05-26 02:03:10 The process of filling out the fire_predictions table is in progress...
2024-05-26 02:03:10 The data was inserted into fire_predictions table
2024-05-26 02:03:10 The process of filling out the fire_predictions_files table is in progress...
2024-05-26 02:03:10 The data was inserted into fire_predictions_files table
2024-05-26 02:03:24 The CSV data was sent to S3 bucket successfully
2024-05-26 02:03:24 The HTML data was sent to S3 bucket successfully
2024-05-26 02:03:25 CSV file uploaded successfully
2024-05-26 02:03:25 HTML file uploaded successfully
2024-05-26
2024-05-26 02:06:11 The process of filling out the fire_predictions table is in progress...
2024-05-26 02:06:11 The data was inserted into fire_predictions table
2024-05-26 02:06:11 The process of filling out the fire_predictions_files table is in progress...
2024-05-26 02:06:11 The data was inserted into fire_predictions_files table
2024-05-26 02:06:25 The CSV data was sent to S3 bucket successfully
2024-05-26 02:06:25 The HTML data was sent to S3 bucket successfully
2024-05-26 02:06:26 CSV file uploaded successfully
2024-05-26 02:06:26 HTML file uploaded successfully